<?xml version="1.0" encoding="UTF-8"?>
<testsuite xmlns:xsi="http://www.w3.org/2001/XMLSchema-instance" xsi:noNamespaceSchemaLocation="https://maven.apache.org/surefire/maven-surefire-plugin/xsd/surefire-test-report.xsd" name="TestingProject.COEN6761.MainTest" time="0.158" tests="16" errors="0" skipped="0" failures="0">
  <properties>
[...]
</properties>
  <testcase name="testValidMoveCommand" classname="TestingProject.COEN6761.MainTest" time="0.092"/>
  <testcase name="testValidPrintStatusCommand" classname="TestingProject.COEN6761.MainTest" time="0.009"/>
  <testcase name="testInvalidMoveCommand" classname="TestingProject.COEN6761.MainTest" time="0.001"/>
  <testcase name="testPenUpDownMultipleTimes" classname="TestingProject.COEN6761.MainTest" time="0.001"/>
  <testcase name="testInvalidMoveZeroCommand" classname="TestingProject.COEN6761.MainTest" time="0.001"/>
  <testcase name="testValidInitializeCommand" classname="TestingProject.COEN6761.MainTest" time="0.001"/>
  <testcase name="testHistoryCommandWithNoHistory" classname="TestingProject.COEN6761.MainTest" time="0.001"/>
  <testcase name="testInvalidCommand" classname="TestingProject.COEN6761.MainTest" time="0.002"/>
  <testcase name="testInvalidInitializeCommand" classname="TestingProject.COEN6761.MainTest" time="0.002"/>
  <testcase name="testValidTurnLeftCommand" classname="TestingProject.COEN6761.MainTest" time="0.001"/>
  <testcase name="testValidPenDownCommand" classname="TestingProject.COEN6761.MainTest" time="0.002"/>
  <testcase name="testQuitWithoutCommands" classname="TestingProject.COEN6761.MainTest" time="0.001"/>
  <testcase name="testValidPenUpCommand" classname="TestingProject.COEN6761.MainTest" time="0.001"/>
  <testcase name="testValidPrintFloorCommand" classname="TestingProject.COEN6761.MainTest" time="0.002"/>
  <testcase name="testValidTurnRightCommand" classname="TestingProject.COEN6761.MainTest" time="0.001"/>
  <testcase name="testValidHistoryCommand" classname="TestingProject.COEN6761.MainTest" time="0.002"/>
</testsuite>